============================================================
  Generated by:           Genus(TM) Synthesis Solution 20.11-s111_1
  Generated on:           Jan 21 2026  07:22:16 pm
  Module:                 asic_top
  Technology library:     typical 1.0
  Operating conditions:   typical (balanced_tree)
  Wireload mode:          enclosed
  Area mode:              timing library
============================================================

Timing
--------

  Clock   Period 
-----------------
core_clk 10000.0 


  Cost     Critical         Violating 
  Group   Path Slack  TNS     Paths   
--------------------------------------
core_clk      1543.2   0.0          0 
default     No paths   0.0            
--------------------------------------
Total                  0.0          0 

Instance Count
--------------
Leaf Instance Count             8367 
Physical Instance count            0 
Sequential Instance Count       2061 
Combinational Instance Count    6306 
Hierarchical Instance Count        1 

Area
----
Cell Area                          228354.035
Physical Cell Area                 0.000
Total Cell Area (Cell+Physical)    228354.035
Net Area                           0.000
Total Area (Cell+Physical+Net)     228354.035

Max Fanout                         2061 (clk)
Min Fanout                         1 (u_core/genblk1.pcpi_mul_mul_finish)
Average Fanout                     3.0
Terms to net ratio                 4.0092
Terms to instance ratio            4.1788
Runtime                            237.682213 seconds
Elapsed Runtime                    241 seconds
Genus peak memory usage            1395.27 
Innovus peak memory usage          no_value 
Hostname                           smdp-c2sd-08.thapar.edu
