============================================================
  Generated by:           Genus(TM) Synthesis Solution 20.11-s111_1
  Generated on:           Jan 21 2026  07:22:17 pm
  Module:                 asic_top
  Operating conditions:   typical (balanced_tree)
  Wireload mode:          enclosed
  Area mode:              timing library
============================================================


Path 1: MET (1543 ps) Setup Check with Pin u_core/genblk2.pcpi_div_divisor_reg[62]/CK->D
          Group: core_clk
     Startpoint: (R) u_core/genblk2.pcpi_div_pcpi_wait_reg/CK
          Clock: (R) core_clk
       Endpoint: (F) u_core/genblk2.pcpi_div_divisor_reg[62]/D
          Clock: (R) core_clk

                     Capture       Launch     
        Clock Edge:+   10000            0     
       Src Latency:+       0            0     
       Net Latency:+       0 (I)        0 (I) 
           Arrival:=   10000            0     
                                              
             Setup:-     207                  
     Required Time:=    9793                  
      Launch Clock:-       0                  
         Data Path:-    8250                  
             Slack:=    1543                  

#--------------------------------------------------------------------------------------------------------------------------------------
#                        Timing Point                         Flags    Arc   Edge   Cell     Fanout  Load Trans Delay Arrival Instance 
#                                                                                                    (fF)  (ps)  (ps)   (ps)  Location 
#--------------------------------------------------------------------------------------------------------------------------------------
  u_core/genblk2.pcpi_div_pcpi_wait_reg/CK                    -       -      R     (arrival)   2061     -     0     0       0    (-,-) 
  u_core/genblk2.pcpi_div_pcpi_wait_reg/Q                     -       CK->Q  R     DFFTRX1        3  10.4   122   250     250    (-,-) 
  u_core/g96871__1705/Y                                       -       B->Y   F     NAND2X1       69 262.8  1262   768    1018    (-,-) 
  u_core/g96870/Y                                             -       A->Y   R     INVX1         32 153.6  1294  1056    2074    (-,-) 
  u_core/g96784__7410/Y                                       -       A1->Y  F     AOI22X1        1   7.1   374     6    2080    (-,-) 
  u_core/genblk2.pcpi_div_minus_2475_59_Y_sub_2499_26_g912/CO -       A->CO  F     ADDFX1         1   6.3    89   352    2432    (-,-) 
  u_core/genblk2.pcpi_div_minus_2475_59_Y_sub_2499_26_g911/CO -       CI->CO F     ADDFX1         1   6.3    89   191    2623    (-,-) 
  u_core/genblk2.pcpi_div_minus_2475_59_Y_sub_2499_26_g910/CO -       CI->CO F     ADDFX1         1   6.3    89   191    2814    (-,-) 
  u_core/genblk2.pcpi_div_minus_2475_59_Y_sub_2499_26_g909/CO -       CI->CO F     ADDFX1         1   6.3    89   191    3005    (-,-) 
  u_core/genblk2.pcpi_div_minus_2475_59_Y_sub_2499_26_g908/CO -       CI->CO F     ADDFX1         1   6.3    89   191    3196    (-,-) 
  u_core/genblk2.pcpi_div_minus_2475_59_Y_sub_2499_26_g907/CO -       CI->CO F     ADDFX1         1   6.3    89   191    3387    (-,-) 
  u_core/genblk2.pcpi_div_minus_2475_59_Y_sub_2499_26_g906/CO -       CI->CO F     ADDFX1         1   6.3    89   191    3578    (-,-) 
  u_core/genblk2.pcpi_div_minus_2475_59_Y_sub_2499_26_g905/CO -       CI->CO F     ADDFX1         1   6.3    89   191    3769    (-,-) 
  u_core/genblk2.pcpi_div_minus_2475_59_Y_sub_2499_26_g904/CO -       CI->CO F     ADDFX1         1   6.3    89   191    3960    (-,-) 
  u_core/genblk2.pcpi_div_minus_2475_59_Y_sub_2499_26_g903/CO -       CI->CO F     ADDFX1         1   6.3    89   191    4150    (-,-) 
  u_core/genblk2.pcpi_div_minus_2475_59_Y_sub_2499_26_g902/CO -       CI->CO F     ADDFX1         1   6.3    89   191    4341    (-,-) 
  u_core/genblk2.pcpi_div_minus_2475_59_Y_sub_2499_26_g901/CO -       CI->CO F     ADDFX1         1   6.3    89   191    4532    (-,-) 
  u_core/genblk2.pcpi_div_minus_2475_59_Y_sub_2499_26_g900/CO -       CI->CO F     ADDFX1         1   6.3    89   191    4723    (-,-) 
  u_core/genblk2.pcpi_div_minus_2475_59_Y_sub_2499_26_g899/CO -       CI->CO F     ADDFX1         1   6.3    89   191    4914    (-,-) 
  u_core/genblk2.pcpi_div_minus_2475_59_Y_sub_2499_26_g898/CO -       CI->CO F     ADDFX1         1   6.3    89   191    5105    (-,-) 
  u_core/genblk2.pcpi_div_minus_2475_59_Y_sub_2499_26_g897/CO -       CI->CO F     ADDFX1         1   6.3    89   191    5296    (-,-) 
  u_core/genblk2.pcpi_div_minus_2475_59_Y_sub_2499_26_g896/CO -       CI->CO F     ADDFX1         1   6.3    89   191    5487    (-,-) 
  u_core/genblk2.pcpi_div_minus_2475_59_Y_sub_2499_26_g895/CO -       CI->CO F     ADDFX1         1   6.3    89   191    5678    (-,-) 
  u_core/genblk2.pcpi_div_minus_2475_59_Y_sub_2499_26_g894/CO -       CI->CO F     ADDFX1         1   6.3    89   191    5868    (-,-) 
  u_core/genblk2.pcpi_div_minus_2475_59_Y_sub_2499_26_g893/CO -       CI->CO F     ADDFX1         1   6.3    89   191    6059    (-,-) 
  u_core/genblk2.pcpi_div_minus_2475_59_Y_sub_2499_26_g892/CO -       CI->CO F     ADDFX1         1   6.3    89   191    6250    (-,-) 
  u_core/genblk2.pcpi_div_minus_2475_59_Y_sub_2499_26_g891/CO -       CI->CO F     ADDFX1         1   6.3    89   191    6441    (-,-) 
  u_core/genblk2.pcpi_div_minus_2475_59_Y_sub_2499_26_g890/CO -       CI->CO F     ADDFX1         1   6.3    89   191    6632    (-,-) 
  u_core/genblk2.pcpi_div_minus_2475_59_Y_sub_2499_26_g889/CO -       CI->CO F     ADDFX1         1   6.3    89   191    6823    (-,-) 
  u_core/genblk2.pcpi_div_minus_2475_59_Y_sub_2499_26_g888/CO -       CI->CO F     ADDFX1         1   6.3    89   191    7014    (-,-) 
  u_core/genblk2.pcpi_div_minus_2475_59_Y_sub_2499_26_g887/CO -       CI->CO F     ADDFX1         1   6.3    89   191    7205    (-,-) 
  u_core/genblk2.pcpi_div_minus_2475_59_Y_sub_2499_26_g886/CO -       CI->CO F     ADDFX1         1   6.3    89   191    7396    (-,-) 
  u_core/genblk2.pcpi_div_minus_2475_59_Y_sub_2499_26_g885/CO -       CI->CO F     ADDFX1         1   6.3    89   191    7587    (-,-) 
  u_core/genblk2.pcpi_div_minus_2475_59_Y_sub_2499_26_g884/CO -       CI->CO F     ADDFX1         1   6.3    89   191    7778    (-,-) 
  u_core/genblk2.pcpi_div_minus_2475_59_Y_sub_2499_26_g883/CO -       CI->CO F     ADDFX1         2   7.0    92   194    7972    (-,-) 
  u_core/genblk2.pcpi_div_minus_2475_59_Y_sub_2499_26_g882/Y  -       A1N->Y F     OAI2BB2X1      2   9.1    90   149    8120    (-,-) 
  u_core/g220840/Y                                            -       A0->Y  R     AOI22X1        1   3.5   179    99    8219    (-,-) 
  u_core/g216418__1881/Y                                      -       B0->Y  F     OAI2BB1X1      1   2.1    64    30    8250    (-,-) 
  u_core/genblk2.pcpi_div_divisor_reg[62]/D                   <<<     -      F     DFFHQX1        1     -     -     0    8250    (-,-) 
#--------------------------------------------------------------------------------------------------------------------------------------

